<?xml version="1.0" encoding="UTF-8"?>
<!-- Generated by org.testng.reporters.JUnitReportReporter -->
<testsuite hostname="VJ" name="miniWo.tests.MiniWo_TC01_SearchResults" tests="1" failures="0" timestamp="15 Feb 2017 22:10:55 GMT" time="50.075" errors="0">
  <testcase name="SearchResults" time="50.075" classname="miniWo.tests.MiniWo_TC01_SearchResults"/>
</testsuite> <!-- miniWo.tests.MiniWo_TC01_SearchResults -->
