<?xml version="1.0" encoding="UTF-8"?>
<!-- Generated by org.testng.reporters.JUnitReportReporter -->
<testsuite hostname="VJ" name="miniWo.tests.SearchResults" tests="1" failures="0" timestamp="14 Feb 2017 21:18:47 GMT" time="46.920" errors="0">
  <testcase name="pageRedirection" time="46.920" classname="miniWo.tests.SearchResults"/>
</testsuite> <!-- miniWo.tests.SearchResults -->
