<?xml version="1.0" encoding="UTF-8"?>
<!-- Generated by org.testng.reporters.JUnitReportReporter -->
<testsuite hostname="VJ" name="miniWo.tests.MiniWo_TC03_ExistingUserRating" tests="1" failures="0" timestamp="1 Mar 2017 21:17:29 GMT" time="30.648" errors="0">
  <testcase name="SearchResults" time="30.648" classname="miniWo.tests.MiniWo_TC03_ExistingUserRating"/>
</testsuite> <!-- miniWo.tests.MiniWo_TC03_ExistingUserRating -->
