<?xml version="1.0" encoding="UTF-8"?>
<!-- Generated by org.testng.reporters.JUnitReportReporter -->
<testsuite hostname="VJ" name="miniWo.tests.MiniWo_TC02_NewUserRating" tests="1" failures="0" timestamp="1 Mar 2017 20:55:23 GMT" time="37.166" errors="0">
  <testcase name="SearchResults" time="37.166" classname="miniWo.tests.MiniWo_TC02_NewUserRating"/>
</testsuite> <!-- miniWo.tests.MiniWo_TC02_NewUserRating -->
