<?xml version="1.0" encoding="UTF-8"?>
<!-- Generated by org.testng.reporters.JUnitReportReporter -->
<testsuite hostname="VJ" name="miniWo.tests.MiniWo_TC01_SearchResults" tests="1" failures="0" timestamp="1 Mar 2017 21:34:56 GMT" time="49.193" errors="0">
  <testcase name="SearchResults" time="49.193" classname="miniWo.tests.MiniWo_TC01_SearchResults"/>
</testsuite> <!-- miniWo.tests.MiniWo_TC01_SearchResults -->
